<?xml version="1.0" encoding="UTF-8"?>
<!-- Generated by org.testng.reporters.JUnitReportReporter -->
<testsuite hostname="WIN-BTCYFL3" failures="0" tests="1" name="testCases.TC002_LoginTest" time="4.828" errors="0" timestamp="2025-02-02T22:55:11 IST" skipped="0">
  <testcase classname="testCases.TC002_LoginTest" name="verify_login" time="4.828"/>
</testsuite> <!-- testCases.TC002_LoginTest -->
