<?xml version="1.0" encoding="UTF-8"?>
<!-- Generated by org.testng.reporters.JUnitReportReporter -->
<testsuite hostname="WIN-BTCYFL3" failures="0" tests="1" name="testCases.TC002_LoginTest" time="5.557" errors="0" timestamp="2025-02-03T09:21:42 IST" skipped="0">
  <testcase classname="testCases.TC002_LoginTest" name="verify_login" time="5.557"/>
</testsuite> <!-- testCases.TC002_LoginTest -->
